

CmdLine:	C:\Users\MuddyFudger\Documents\NetBeansProjects\MinebookLauncher\MinebookLauncher.exe --l4j-debug
WOW64:		yes
Bundled JRE:	C:\Program Files (x86)\Java\jre7
Check launcher:	C:\Program Files (x86)\Java\jre7\bin\javaw.exe (OK)
Launcher:	C:\Program Files (x86)\Java\jre7\bin\javaw.exe
Launcher args:	-jar "C:\Users\MuddyFudger\Documents\NetBeansProjects\MinebookLauncher\MinebookLauncher.exe"
Args length:	92/32768 chars
Exit code:	0


CmdLine:	C:\Users\MuddyFudger\Documents\NetBeansProjects\MinebookLauncher\MinebookLauncher.exe --l4j-debug
WOW64:		yes
Bundled JRE:	C:\Program Files (x86)\Java\jre1.6.0_24
Check launcher:	C:\Program Files (x86)\Java\jre1.6.0_24\bin\javaw.exe (OK)
Launcher:	C:\Program Files (x86)\Java\jre1.6.0_24\bin\javaw.exe
Launcher args:	-jar "C:\Users\MuddyFudger\Documents\NetBeansProjects\MinebookLauncher\MinebookLauncher.exe"
Args length:	92/32768 chars
Exit code:	0


CmdLine:	C:\Users\MuddyFudger\Documents\NetBeansProjects\MinebookLauncher\MinebookLauncher.exe --l4j-debug
WOW64:		yes
Bundled JRE:	C:\Program Files (x86)\Java\jre1.6.0_24
Check launcher:	C:\Program Files (x86)\Java\jre1.6.0_24\bin\javaw.exe (OK)
Launcher:	C:\Program Files (x86)\Java\jre1.6.0_24\bin\javaw.exe
Launcher args:	-jar "C:\Users\MuddyFudger\Documents\NetBeansProjects\MinebookLauncher\MinebookLauncher.exe"
Args length:	92/32768 chars
Exit code:	0


CmdLine:	C:\Users\MuddyFudger\Documents\NetBeansProjects\MinebookLauncher\MinebookLauncher.exe --l4j-debug
WOW64:		yes
Bundled JRE:	C:\Program Files (x86)\Java\jre1.6.0_24
Check launcher:	C:\Program Files (x86)\Java\jre1.6.0_24\bin\javaw.exe (OK)
Launcher:	C:\Program Files (x86)\Java\jre1.6.0_24\bin\javaw.exe
Launcher args:	-jar "C:\Users\MuddyFudger\Documents\NetBeansProjects\MinebookLauncher\MinebookLauncher.exe"
Args length:	92/32768 chars
Exit code:	0


CmdLine:	C:\Users\MuddyFudger\Documents\NetBeansProjects\MinebookLauncher\MinebookLauncher.exe --l4j-debug
WOW64:		yes
Bundled JRE:	C:\Program Files (x86)\Java\jre1.7
Check launcher:	C:\Program Files (x86)\Java\jre1.7\bin\javaw.exe (n/a)


CmdLine:	C:\Users\MuddyFudger\Documents\NetBeansProjects\MinebookLauncher\MinebookLauncher.exe --l4j-debug
WOW64:		yes
Bundled JRE:	C:\Program Files (x86)\Java\jre1.7
Check launcher:	C:\Program Files (x86)\Java\jre1.7\bin\javaw.exe (n/a)


CmdLine:	C:\Users\MuddyFudger\Documents\NetBeansProjects\MinebookLauncher\MinebookLauncher.exe --l4j-debug
WOW64:		yes
Bundled JRE:	C:\Program Files (x86)\Java\jre7
Check launcher:	C:\Program Files (x86)\Java\jre7\bin\javaw.exe (OK)
Launcher:	C:\Program Files (x86)\Java\jre7\bin\javaw.exe
Launcher args:	-jar "C:\Users\MuddyFudger\Documents\NetBeansProjects\MinebookLauncher\MinebookLauncher.exe"
Args length:	92/32768 chars
Exit code:	0


CmdLine:	C:\Users\MuddyFudger\Documents\NetBeansProjects\MinebookLauncher\MinebookLauncher.exe --l4j-debug
WOW64:		yes
Bundled JRE:	C:\Program Files (x86)\Java\jre6
Check launcher:	C:\Program Files (x86)\Java\jre6\bin\javaw.exe (OK)
Launcher:	C:\Program Files (x86)\Java\jre6\bin\javaw.exe
Launcher args:	-jar "C:\Users\MuddyFudger\Documents\NetBeansProjects\MinebookLauncher\MinebookLauncher.exe"
Args length:	92/32768 chars
Exit code:	0


CmdLine:	C:\Users\MuddyFudger\Documents\NetBeansProjects\MinebookLauncher\MinebookLauncher.exe --l4j-debug
WOW64:		yes
Bundled JRE:	C:\Program Files (x86)\Java\jre6
Check launcher:	C:\Program Files (x86)\Java\jre6\bin\javaw.exe (OK)
Launcher:	C:\Program Files (x86)\Java\jre6\bin\javaw.exe
Launcher args:	-jar "C:\Users\MuddyFudger\Documents\NetBeansProjects\MinebookLauncher\MinebookLauncher.exe"
Args length:	92/32768 chars
Exit code:	0


CmdLine:	C:\Users\MuddyFudger\Documents\NetBeansProjects\MinebookLauncher\MinebookLauncher.exe --l4j-debug
WOW64:		yes
Bundled JRE:	C:\Program Files (x86)\Java\jre6
Check launcher:	C:\Program Files (x86)\Java\jre6\bin\javaw.exe (OK)
Launcher:	C:\Program Files (x86)\Java\jre6\bin\javaw.exe
Launcher args:	-jar "C:\Users\MuddyFudger\Documents\NetBeansProjects\MinebookLauncher\MinebookLauncher.exe"
Args length:	92/32768 chars
Exit code:	0


CmdLine:	C:\Users\MuddyFudger\Documents\NetBeansProjects\MinebookLauncher\MinebookLauncher.exe --l4j-debug
WOW64:		yes
Bundled JRE:	C:\Program Files (x86)\Java\jre6
Check launcher:	C:\Program Files (x86)\Java\jre6\bin\javaw.exe (OK)
Launcher:	C:\Program Files (x86)\Java\jre6\bin\javaw.exe
Launcher args:	-jar "C:\Users\MuddyFudger\Documents\NetBeansProjects\MinebookLauncher\MinebookLauncher.exe"
Args length:	92/32768 chars
Exit code:	0


CmdLine:	C:\Users\MuddyFudger\Documents\NetBeansProjects\MinebookLauncher\MinebookLauncher.exe --l4j-debug
WOW64:		yes
Bundled JRE:	C:\Program Files (x86)\Java\jre6
Check launcher:	C:\Program Files (x86)\Java\jre6\bin\javaw.exe (OK)
Launcher:	C:\Program Files (x86)\Java\jre6\bin\javaw.exe
Launcher args:	-jar "C:\Users\MuddyFudger\Documents\NetBeansProjects\MinebookLauncher\MinebookLauncher.exe"
Args length:	92/32768 chars
Exit code:	0


CmdLine:	C:\Users\MuddyFudger\Documents\NetBeansProjects\MinebookLauncher\MinebookLauncher.exe --l4j-debug
WOW64:		yes
Bundled JRE:	C:\Program Files (x86)\Java\jre6
Check launcher:	C:\Program Files (x86)\Java\jre6\bin\javaw.exe (OK)
Launcher:	C:\Program Files (x86)\Java\jre6\bin\javaw.exe
Launcher args:	-jar "C:\Users\MuddyFudger\Documents\NetBeansProjects\MinebookLauncher\MinebookLauncher.exe"
Args length:	92/32768 chars
Exit code:	0


CmdLine:	C:\Users\MuddyFudger\Documents\NetBeansProjects\MinebookLauncher\MinebookLauncher.exe --l4j-debug
WOW64:		yes
Bundled JRE:	C:\Program Files (x86)\Java\jre6
Check launcher:	C:\Program Files (x86)\Java\jre6\bin\javaw.exe (OK)
Launcher:	C:\Program Files (x86)\Java\jre6\bin\javaw.exe
Launcher args:	-jar "C:\Users\MuddyFudger\Documents\NetBeansProjects\MinebookLauncher\MinebookLauncher.exe"
Args length:	92/32768 chars
Exit code:	0


CmdLine:	C:\Users\MuddyFudger\Documents\NetBeansProjects\MinebookLauncher\MinebookLauncher.exe --l4j-debug
WOW64:		yes
Bundled JRE:	C:\Program Files (x86)\Java\jre6
Check launcher:	C:\Program Files (x86)\Java\jre6\bin\javaw.exe (OK)
Add classpath:	Main
Launcher:	C:\Program Files (x86)\Java\jre6\bin\javaw.exe
Launcher args:	-classpath "C:\Users\MuddyFudger\Documents\NetBeansProjects\MinebookLauncher\MinebookLauncher.exe;Main" MinebookLauncher.minebooklauncher.MinebookLauncher
Args length:	154/32768 chars
Exit code:	0


CmdLine:	C:\Users\MuddyFudger\Documents\NetBeansProjects\MinebookLauncher\MinebookLauncher.exe --l4j-debug
WOW64:		yes
Bundled JRE:	C:\Program Files (x86)\Java\jre6
Check launcher:	C:\Program Files (x86)\Java\jre6\bin\javaw.exe (OK)
Add classpath:	Main
Launcher:	C:\Program Files (x86)\Java\jre6\bin\javaw.exe
Launcher args:	-classpath "C:\Users\MuddyFudger\Documents\NetBeansProjects\MinebookLauncher\MinebookLauncher.exe;Main" MinebookLauncher.minebooklauncher.MinebookLauncher
Args length:	154/32768 chars
Exit code:	0


CmdLine:	C:\Users\MuddyFudger\Documents\NetBeansProjects\MinebookLauncher\MinebookLauncher.exe --l4j-debug
WOW64:		yes
Bundled JRE:	C:\Program Files (x86)\Java\jre6
Check launcher:	C:\Program Files (x86)\Java\jre6\bin\javaw.exe (OK)
Add classpath:	Main
Launcher:	C:\Program Files (x86)\Java\jre6\bin\javaw.exe
Launcher args:	-classpath "C:\Users\MuddyFudger\Documents\NetBeansProjects\MinebookLauncher\MinebookLauncher.exe;Main" minebooklauncher.MinebookLauncher.main
Args length:	142/32768 chars
Exit code:	0


CmdLine:	C:\Users\MuddyFudger\Documents\NetBeansProjects\MinebookLauncher\MinebookLauncher.exe --l4j-debug
WOW64:		yes
Bundled JRE:	C:\Program Files (x86)\Java\jre6
Check launcher:	C:\Program Files (x86)\Java\jre6\bin\javaw.exe (OK)
Add classpath:	Main
Launcher:	C:\Program Files (x86)\Java\jre6\bin\javaw.exe
Launcher args:	-classpath "C:\Users\MuddyFudger\Documents\NetBeansProjects\MinebookLauncher\MinebookLauncher.exe;Main" minebooklauncher.MinebookLauncher.class
Args length:	143/32768 chars
Exit code:	0


CmdLine:	C:\Users\MuddyFudger\Documents\NetBeansProjects\MinebookLauncher\MinebookLauncher.exe --l4j-debug
WOW64:		yes
Bundled JRE:	C:\Program Files (x86)\Java\jre6
Check launcher:	C:\Program Files (x86)\Java\jre6\bin\javaw.exe (OK)
Add classpath:	Main
Launcher:	C:\Program Files (x86)\Java\jre6\bin\javaw.exe
Launcher args:	-classpath "C:\Users\MuddyFudger\Documents\NetBeansProjects\MinebookLauncher\MinebookLauncher.exe;Main" minebooklauncher.MinebookLauncher
Args length:	137/32768 chars
Exit code:	0


CmdLine:	C:\Users\MuddyFudger\Documents\NetBeansProjects\MinebookLauncher\MinebookLauncher.exe --l4j-debug
WOW64:		yes
Bundled JRE:	C:\Program Files (x86)\Java\jre6
Check launcher:	C:\Program Files (x86)\Java\jre6\bin\javaw.exe (OK)
Add classpath:	Main
Launcher:	C:\Program Files (x86)\Java\jre6\bin\javaw.exe
Launcher args:	-classpath "C:\Users\MuddyFudger\Documents\NetBeansProjects\MinebookLauncher\MinebookLauncher.exe;Main" minebooklauncher.MinebookLauncher
Args length:	137/32768 chars
Exit code:	0


CmdLine:	C:\Users\MuddyFudger\Documents\NetBeansProjects\MinebookLauncher\MinebookLauncher.exe --l4j-debug
WOW64:		yes
Bundled JRE:	C:\Program Files (x86)\Java\jre6
Check launcher:	C:\Program Files (x86)\Java\jre6\bin\javaw.exe (OK)
Launcher:	C:\Program Files (x86)\Java\jre6\bin\javaw.exe
Launcher args:	-jar "C:\Users\MuddyFudger\Documents\NetBeansProjects\MinebookLauncher\MinebookLauncher.exe"
Args length:	92/32768 chars
Exit code:	0
